This is pdfTeX, Version 3.14159265-2.6-1.40.20 (TeX Live 2019/Debian) (preloaded format=pdflatex 2020.6.24)  22 SEP 2020 10:03
entering extended mode
 restricted \write18 enabled.
 %&-line parsing enabled.
**BonziZanellati_Report.tex
(./BonziZanellati_Report.tex
LaTeX2e <2018-12-01>
(/usr/share/texlive/texmf-dist/tex/latex/base/article.cls
Document Class: article 2018/09/03 v1.4i Standard LaTeX document class
(/usr/share/texlive/texmf-dist/tex/latex/base/size12.clo
File: size12.clo 2018/09/03 v1.4i Standard LaTeX file (size option)
)
\c@part=\count80
\c@section=\count81
\c@subsection=\count82
\c@subsubsection=\count83
\c@paragraph=\count84
\c@subparagraph=\count85
\c@figure=\count86
\c@table=\count87
\abovecaptionskip=\skip41
\belowcaptionskip=\skip42
\bibindent=\dimen102
)
(/usr/share/texlive/texmf-dist/tex/latex/base/fontenc.sty
Package: fontenc 2018/08/11 v2.0j Standard LaTeX package

(/usr/share/texlive/texmf-dist/tex/latex/base/t1enc.def
File: t1enc.def 2018/08/11 v2.0j Standard LaTeX file
LaTeX Font Info:    Redeclaring font encoding T1 on input line 48.
))
(/usr/share/texlive/texmf-dist/tex/latex/base/inputenc.sty
Package: inputenc 2018/08/11 v1.3c Input encoding file
\inpenc@prehook=\toks14
\inpenc@posthook=\toks15
)
(/usr/share/texlive/texmf-dist/tex/generic/babel/babel.sty
Package: babel 2019/06/03 3.32 The Babel package

(/usr/share/texlive/texmf-dist/tex/generic/babel/switch.def
File: switch.def 2019/06/03 3.32 Babel switching mechanism
)
(/usr/share/texlive/texmf-dist/tex/generic/babel-english/english.ldf
Language: english 2017/06/06 v3.3r English support from the babel system

(/usr/share/texlive/texmf-dist/tex/generic/babel/babel.def
File: babel.def 2019/06/03 3.32 Babel common definitions
\babel@savecnt=\count88
\U@D=\dimen103

(/usr/share/texlive/texmf-dist/tex/generic/babel/txtbabel.def)
\bbl@dirlevel=\count89
)
\l@canadian = a dialect from \language\l@american 
\l@australian = a dialect from \language\l@british 
\l@newzealand = a dialect from \language\l@british 
))
(/usr/share/texlive/texmf-dist/tex/latex/hyperref/hyperref.sty
Package: hyperref 2018/11/30 v6.88e Hypertext links for LaTeX

(/usr/share/texlive/texmf-dist/tex/generic/oberdiek/hobsub-hyperref.sty
Package: hobsub-hyperref 2016/05/16 v1.14 Bundle oberdiek, subset hyperref (HO)


(/usr/share/texlive/texmf-dist/tex/generic/oberdiek/hobsub-generic.sty
Package: hobsub-generic 2016/05/16 v1.14 Bundle oberdiek, subset generic (HO)
Package: hobsub 2016/05/16 v1.14 Construct package bundles (HO)
Package: infwarerr 2016/05/16 v1.4 Providing info/warning/error messages (HO)
Package: ltxcmds 2016/05/16 v1.23 LaTeX kernel commands for general use (HO)
Package: ifluatex 2016/05/16 v1.4 Provides the ifluatex switch (HO)
Package ifluatex Info: LuaTeX not detected.
Package: ifvtex 2016/05/16 v1.6 Detect VTeX and its facilities (HO)
Package ifvtex Info: VTeX not detected.
Package: intcalc 2016/05/16 v1.2 Expandable calculations with integers (HO)
Package: ifpdf 2018/09/07 v3.3 Provides the ifpdf switch
Package: etexcmds 2016/05/16 v1.6 Avoid name clashes with e-TeX commands (HO)
Package: kvsetkeys 2016/05/16 v1.17 Key value parser (HO)
Package: kvdefinekeys 2016/05/16 v1.4 Define keys (HO)
Package: pdftexcmds 2018/09/10 v0.29 Utility functions of pdfTeX for LuaTeX (HO
)
Package pdftexcmds Info: LuaTeX not detected.
Package pdftexcmds Info: \pdf@primitive is available.
Package pdftexcmds Info: \pdf@ifprimitive is available.
Package pdftexcmds Info: \pdfdraftmode found.
Package: pdfescape 2016/05/16 v1.14 Implements pdfTeX's escape features (HO)
Package: bigintcalc 2016/05/16 v1.4 Expandable calculations on big integers (HO
)
Package: bitset 2016/05/16 v1.2 Handle bit-vector datatype (HO)
Package: uniquecounter 2016/05/16 v1.3 Provide unlimited unique counter (HO)
)
Package hobsub Info: Skipping package `hobsub' (already loaded).
Package: letltxmacro 2016/05/16 v1.5 Let assignment for LaTeX macros (HO)
Package: hopatch 2016/05/16 v1.3 Wrapper for package hooks (HO)
Package: xcolor-patch 2016/05/16 xcolor patch
Package: atveryend 2016/05/16 v1.9 Hooks at the very end of document (HO)
Package atveryend Info: \enddocument detected (standard20110627).
Package: atbegshi 2016/06/09 v1.18 At begin shipout hook (HO)
Package: refcount 2016/05/16 v3.5 Data extraction from label references (HO)
Package: hycolor 2016/05/16 v1.8 Color options for hyperref/bookmark (HO)
)
(/usr/share/texlive/texmf-dist/tex/latex/graphics/keyval.sty
Package: keyval 2014/10/28 v1.15 key=value parser (DPC)
\KV@toks@=\toks16
)
(/usr/share/texlive/texmf-dist/tex/generic/ifxetex/ifxetex.sty
Package: ifxetex 2010/09/12 v0.6 Provides ifxetex conditional
)
(/usr/share/texlive/texmf-dist/tex/latex/oberdiek/auxhook.sty
Package: auxhook 2016/05/16 v1.4 Hooks for auxiliary files (HO)
)
(/usr/share/texlive/texmf-dist/tex/latex/oberdiek/kvoptions.sty
Package: kvoptions 2016/05/16 v3.12 Key value format for package options (HO)
)
\@linkdim=\dimen104
\Hy@linkcounter=\count90
\Hy@pagecounter=\count91

(/usr/share/texlive/texmf-dist/tex/latex/hyperref/pd1enc.def
File: pd1enc.def 2018/11/30 v6.88e Hyperref: PDFDocEncoding definition (HO)
Now handling font encoding PD1 ...
... no UTF-8 mapping file for font encoding PD1
)
\Hy@SavedSpaceFactor=\count92

(/usr/share/texlive/texmf-dist/tex/latex/latexconfig/hyperref.cfg
File: hyperref.cfg 2002/06/06 v1.2 hyperref configuration of TeXLive
)
Package hyperref Info: Hyper figures OFF on input line 4519.
Package hyperref Info: Link nesting OFF on input line 4524.
Package hyperref Info: Hyper index ON on input line 4527.
Package hyperref Info: Plain pages OFF on input line 4534.
Package hyperref Info: Backreferencing OFF on input line 4539.
Package hyperref Info: Implicit mode ON; LaTeX internals redefined.
Package hyperref Info: Bookmarks ON on input line 4772.
\c@Hy@tempcnt=\count93

(/usr/share/texlive/texmf-dist/tex/latex/url/url.sty
\Urlmuskip=\muskip10
Package: url 2013/09/16  ver 3.4  Verb mode for urls, etc.
)
LaTeX Info: Redefining \url on input line 5125.
\XeTeXLinkMargin=\dimen105
\Fld@menulength=\count94
\Field@Width=\dimen106
\Fld@charsize=\dimen107
Package hyperref Info: Hyper figures OFF on input line 6380.
Package hyperref Info: Link nesting OFF on input line 6385.
Package hyperref Info: Hyper index ON on input line 6388.
Package hyperref Info: backreferencing OFF on input line 6395.
Package hyperref Info: Link coloring OFF on input line 6400.
Package hyperref Info: Link coloring with OCG OFF on input line 6405.
Package hyperref Info: PDF/A mode OFF on input line 6410.
LaTeX Info: Redefining \ref on input line 6450.
LaTeX Info: Redefining \pageref on input line 6454.
\Hy@abspage=\count95
\c@Item=\count96
\c@Hfootnote=\count97
)
Package hyperref Info: Driver (autodetected): hpdftex.

(/usr/share/texlive/texmf-dist/tex/latex/hyperref/hpdftex.def
File: hpdftex.def 2018/11/30 v6.88e Hyperref driver for pdfTeX
\Fld@listcount=\count98
\c@bookmark@seq@number=\count99

(/usr/share/texlive/texmf-dist/tex/latex/oberdiek/rerunfilecheck.sty
Package: rerunfilecheck 2016/05/16 v1.8 Rerun checks for auxiliary files (HO)
Package uniquecounter Info: New unique counter `rerunfilecheck' on input line 2
82.
)
\Hy@SectionHShift=\skip43
)
(/usr/share/texlive/texmf-dist/tex/latex/graphics/graphicx.sty
Package: graphicx 2017/06/01 v1.1a Enhanced LaTeX Graphics (DPC,SPQR)

(/usr/share/texlive/texmf-dist/tex/latex/graphics/graphics.sty
Package: graphics 2017/06/25 v1.2c Standard LaTeX Graphics (DPC,SPQR)

(/usr/share/texlive/texmf-dist/tex/latex/graphics/trig.sty
Package: trig 2016/01/03 v1.10 sin cos tan (DPC)
)
(/usr/share/texlive/texmf-dist/tex/latex/graphics-cfg/graphics.cfg
File: graphics.cfg 2016/06/04 v1.11 sample graphics configuration
)
Package graphics Info: Driver file: pdftex.def on input line 99.

(/usr/share/texlive/texmf-dist/tex/latex/graphics-def/pdftex.def
File: pdftex.def 2018/01/08 v1.0l Graphics/color driver for pdftex
))
\Gin@req@height=\dimen108
\Gin@req@width=\dimen109
)
(/usr/share/texlive/texmf-dist/tex/latex/caption/caption.sty
Package: caption 2018/10/06 v3.3-154 Customizing captions (AR)

(/usr/share/texlive/texmf-dist/tex/latex/caption/caption3.sty
Package: caption3 2018/09/12 v1.8c caption3 kernel (AR)
Package caption3 Info: TeX engine: e-TeX on input line 64.
\captionmargin=\dimen110
\captionmargin@=\dimen111
\captionwidth=\dimen112
\caption@tempdima=\dimen113
\caption@indent=\dimen114
\caption@parindent=\dimen115
\caption@hangindent=\dimen116
)
\c@caption@flags=\count100
\c@ContinuedFloat=\count101
Package caption Info: hyperref package is loaded.
)
(/usr/share/texlive/texmf-dist/tex/latex/amsmath/amsmath.sty
Package: amsmath 2018/12/01 v2.17b AMS math features
\@mathmargin=\skip44

For additional information on amsmath, use the `?' option.
(/usr/share/texlive/texmf-dist/tex/latex/amsmath/amstext.sty
Package: amstext 2000/06/29 v2.01 AMS text

(/usr/share/texlive/texmf-dist/tex/latex/amsmath/amsgen.sty
File: amsgen.sty 1999/11/30 v2.0 generic functions
\@emptytoks=\toks17
\ex@=\dimen117
))
(/usr/share/texlive/texmf-dist/tex/latex/amsmath/amsbsy.sty
Package: amsbsy 1999/11/29 v1.2d Bold Symbols
\pmbraise@=\dimen118
)
(/usr/share/texlive/texmf-dist/tex/latex/amsmath/amsopn.sty
Package: amsopn 2016/03/08 v2.02 operator names
)
\inf@bad=\count102
LaTeX Info: Redefining \frac on input line 223.
\uproot@=\count103
\leftroot@=\count104
LaTeX Info: Redefining \overline on input line 385.
\classnum@=\count105
\DOTSCASE@=\count106
LaTeX Info: Redefining \ldots on input line 482.
LaTeX Info: Redefining \dots on input line 485.
LaTeX Info: Redefining \cdots on input line 606.
\Mathstrutbox@=\box27
\strutbox@=\box28
\big@size=\dimen119
LaTeX Font Info:    Redeclaring font encoding OML on input line 729.
LaTeX Font Info:    Redeclaring font encoding OMS on input line 730.
\macc@depth=\count107
\c@MaxMatrixCols=\count108
\dotsspace@=\muskip11
\c@parentequation=\count109
\dspbrk@lvl=\count110
\tag@help=\toks18
\row@=\count111
\column@=\count112
\maxfields@=\count113
\andhelp@=\toks19
\eqnshift@=\dimen120
\alignsep@=\dimen121
\tagshift@=\dimen122
\tagwidth@=\dimen123
\totwidth@=\dimen124
\lineht@=\dimen125
\@envbody=\toks20
\multlinegap=\skip45
\multlinetaggap=\skip46
\mathdisplay@stack=\toks21
LaTeX Info: Redefining \[ on input line 2844.
LaTeX Info: Redefining \] on input line 2845.
)
(./BonziZanellati_Report.aux

LaTeX Warning: Label `CNNbase_v2' multiply defined.

)
\openout1 = `BonziZanellati_Report.aux'.

LaTeX Font Info:    Checking defaults for OML/cmm/m/it on input line 16.
LaTeX Font Info:    ... okay on input line 16.
LaTeX Font Info:    Checking defaults for T1/cmr/m/n on input line 16.
LaTeX Font Info:    ... okay on input line 16.
LaTeX Font Info:    Checking defaults for OT1/cmr/m/n on input line 16.
LaTeX Font Info:    ... okay on input line 16.
LaTeX Font Info:    Checking defaults for OMS/cmsy/m/n on input line 16.
LaTeX Font Info:    ... okay on input line 16.
LaTeX Font Info:    Checking defaults for OMX/cmex/m/n on input line 16.
LaTeX Font Info:    ... okay on input line 16.
LaTeX Font Info:    Checking defaults for U/cmr/m/n on input line 16.
LaTeX Font Info:    ... okay on input line 16.
LaTeX Font Info:    Checking defaults for PD1/pdf/m/n on input line 16.
LaTeX Font Info:    ... okay on input line 16.
\AtBeginShipoutBox=\box29
Package hyperref Info: Link coloring OFF on input line 16.
 (/usr/share/texlive/texmf-dist/tex/latex/hyperref/nameref.sty
Package: nameref 2016/05/21 v2.44 Cross-referencing by name of section

(/usr/share/texlive/texmf-dist/tex/generic/oberdiek/gettitlestring.sty
Package: gettitlestring 2016/05/16 v1.5 Cleanup title references (HO)
)
\c@section@level=\count114
)
LaTeX Info: Redefining \ref on input line 16.
LaTeX Info: Redefining \pageref on input line 16.
LaTeX Info: Redefining \nameref on input line 16.

(./BonziZanellati_Report.out) (./BonziZanellati_Report.out)
\@outlinefile=\write3
\openout3 = `BonziZanellati_Report.out'.


(/usr/share/texlive/texmf-dist/tex/context/base/mkii/supp-pdf.mkii
[Loading MPS to PDF converter (version 2006.09.02).]
\scratchcounter=\count115
\scratchdimen=\dimen126
\scratchbox=\box30
\nofMPsegments=\count116
\nofMParguments=\count117
\everyMPshowfont=\toks22
\MPscratchCnt=\count118
\MPscratchDim=\dimen127
\MPnumerator=\count119
\makeMPintoPDFobject=\count120
\everyMPtoPDFconversion=\toks23
) (/usr/share/texlive/texmf-dist/tex/latex/oberdiek/epstopdf-base.sty
Package: epstopdf-base 2016/05/15 v2.6 Base part for package epstopdf

(/usr/share/texlive/texmf-dist/tex/latex/oberdiek/grfext.sty
Package: grfext 2016/05/16 v1.2 Manage graphics extensions (HO)
)
Package epstopdf-base Info: Redefining graphics rule for `.eps' on input line 4
38.
Package grfext Info: Graphics extension search list:
(grfext)             [.pdf,.png,.jpg,.mps,.jpeg,.jbig2,.jb2,.PDF,.PNG,.JPG,.JPE
G,.JBIG2,.JB2,.eps]
(grfext)             \AppendGraphicsExtensions on input line 456.

(/usr/share/texlive/texmf-dist/tex/latex/latexconfig/epstopdf-sys.cfg
File: epstopdf-sys.cfg 2010/07/13 v1.3 Configuration of (r)epstopdf for TeX Liv
e
))
Package caption Info: Begin \AtBeginDocument code.
Package caption Info: End \AtBeginDocument code.

[1

{/var/lib/texmf/fonts/map/pdftex/updmap/pdftex.map}]
(./BonziZanellati_Report.toc)
\tf@toc=\write4
\openout4 = `BonziZanellati_Report.toc'.

 [2]
LaTeX Font Info:    Try loading font information for OMS+cmr on input line 25.

(/usr/share/texlive/texmf-dist/tex/latex/base/omscmr.fd
File: omscmr.fd 2014/09/29 v2.5h Standard LaTeX font definitions
)
LaTeX Font Info:    Font shape `OMS/cmr/m/n' in size <12> not available
(Font)              Font shape `OMS/cmsy/m/n' tried instead on input line 25.
 [3] [4]
<params_table.png, id=118, 791.20593pt x 50.43843pt>
File: params_table.png Graphic file (type png)
<use params_table.png>
Package pdftex.def Info: params_table.png  used on input line 52.
(pdftex.def)             Requested size: 435.1646pt x 27.74121pt.

Overfull \hbox (45.1646pt too wide) in paragraph at lines 52--53
 [][] 
 []

[5 <./params_table.png>]
Overfull \hbox (37.26341pt too wide) detected at line 95
\OT1/cmr/m/n/12 5\OML/cmm/m/it/12 C[] \OMS/cmsy/m/n/12 ^^@ \OT1/cmr/m/n/12 10\O
ML/cmm/m/it/12 C[] \OMS/cmsy/m/n/12 ^^@ \OT1/cmr/m/n/12 5\OML/cmm/m/it/12 C[] \
OMS/cmsy/m/n/12 ^^@ \OT1/cmr/m/n/12 5\OML/cmm/m/it/12 D[] \OMS/cmsy/m/n/12 ^^@ 
\OT1/cmr/m/n/12 5\OML/cmm/m/it/12 D[] \OMS/cmsy/m/n/12 ^^@ \OML/cmm/m/it/12 S[]
 \OMS/cmsy/m/n/12 ^^@ \OT1/cmr/m/n/12 2\OML/cmm/m/it/12 D[] \OMS/cmsy/m/n/12 ^^
@ \OML/cmm/m/it/12 S[] \OMS/cmsy/m/n/12 ^^@ \OT1/cmr/m/n/12 2\OML/cmm/m/it/12 D
[] \OMS/cmsy/m/n/12 ^^@ \OML/cmm/m/it/12 S[] \OMS/cmsy/m/n/12 ^^@ \OML/cmm/m/it
/12 D[] \OMS/cmsy/m/n/12 ^^@ \OML/cmm/m/it/12 S\OT1/cmr/m/n/12 8[] \OMS/cmsy/m/
n/12 ^^@ \OML/cmm/m/it/12 D[]
 []

[6]
<ResidualBlock.png, id=144, 429.85594pt x 410.2828pt>
File: ResidualBlock.png Graphic file (type png)
<use ResidualBlock.png>
Package pdftex.def Info: ResidualBlock.png  used on input line 107.
(pdftex.def)             Requested size: 214.92744pt x 205.1409pt.
 [7 <./ResidualBlock.png>] [8] [9]
<Outputs_comparison.png, id=177, 1681.28125pt x 866.23625pt>
File: Outputs_comparison.png Graphic file (type png)
<use Outputs_comparison.png>
Package pdftex.def Info: Outputs_comparison.png  used on input line 185.
(pdftex.def)             Requested size: 437.12282pt x 225.21611pt.

Overfull \hbox (47.12282pt too wide) in paragraph at lines 185--186
 [][] 
 []

[10]
<table.png, id=187, 931.22906pt x 478.78876pt>
File: table.png Graphic file (type png)
<use table.png>
Package pdftex.def Info: table.png  used on input line 195.
(pdftex.def)             Requested size: 419.04921pt x 215.45294pt.

Overfull \hbox (29.04921pt too wide) in paragraph at lines 195--196
 [][] 
 []

<CNNBase_comparison.png, id=189, 622.2447pt x 600.5637pt>
File: CNNBase_comparison.png Graphic file (type png)
<use CNNBase_comparison.png>
Package pdftex.def Info: CNNBase_comparison.png  used on input line 204.
(pdftex.def)             Requested size: 280.00754pt x 270.25116pt.
[11 <./Outputs_comparison.png>] [12 <./table.png> <./CNNBase_comparison.png>]
<Loss_accuracy_comparison.png, id=206, 2037.86343pt x 1208.26407pt>
File: Loss_accuracy_comparison.png Graphic file (type png)
<use Loss_accuracy_comparison.png>
Package pdftex.def Info: Loss_accuracy_comparison.png  used on input line 217.
(pdftex.def)             Requested size: 427.96396pt x 253.74294pt.

Overfull \hbox (37.96396pt too wide) in paragraph at lines 217--218
[][] 
 []

[13 <./Loss_accuracy_comparison.png>]
<REDs_table.png, id=216, 922.94812pt x 349.305pt>
File: REDs_table.png Graphic file (type png)
<use REDs_table.png>
Package pdftex.def Info: REDs_table.png  used on input line 232.
(pdftex.def)             Requested size: 415.32281pt x 157.18579pt.

Overfull \hbox (25.32281pt too wide) in paragraph at lines 232--233
 [][] 
 []

[14 <./REDs_table.png>]
<REDs_CNNBase_Outputs.png, id=228, 770.12718pt x 401.24907pt>
File: REDs_CNNBase_Outputs.png Graphic file (type png)
<use REDs_CNNBase_Outputs.png>
Package pdftex.def Info: REDs_CNNBase_Outputs.png  used on input line 241.
(pdftex.def)             Requested size: 369.65685pt x 192.59735pt.
 [15 <./REDs_CNNBase_Outputs.png>]
<REDs_CNNBase_Outputs_Zoom.png, id=237, 773.89125pt x 813.79031pt>
File: REDs_CNNBase_Outputs_Zoom.png Graphic file (type png)
<use REDs_CNNBase_Outputs_Zoom.png>
Package pdftex.def Info: REDs_CNNBase_Outputs_Zoom.png  used on input line 255.

(pdftex.def)             Requested size: 270.866pt x 284.83087pt.
<REDs_ResNet_Outputs.png, id=242, 768.62157pt x 396.7322pt>
File: REDs_ResNet_Outputs.png Graphic file (type png)
<use REDs_ResNet_Outputs.png>
Package pdftex.def Info: REDs_ResNet_Outputs.png  used on input line 266.
(pdftex.def)             Requested size: 384.30984pt x 198.3656pt.
<REDs_ResNet_Outputs_Zoom.png, id=243, 761.09344pt x 496.10344pt>
File: REDs_ResNet_Outputs_Zoom.png Graphic file (type png)
<use REDs_ResNet_Outputs_Zoom.png>
Package pdftex.def Info: REDs_ResNet_Outputs_Zoom.png  used on input line 273.
(pdftex.def)             Requested size: 266.3867pt x 173.6388pt.
<Loss_accuracy_comparison_REDs.png, id=245, 969.6225pt x 435.87843pt>
File: Loss_accuracy_comparison_REDs.png Graphic file (type png)
<use Loss_accuracy_comparison_REDs.png>
Package pdftex.def Info: Loss_accuracy_comparison_REDs.png  used on input line 
282.
(pdftex.def)             Requested size: 387.84213pt x 174.34828pt.
 [16 <./REDs_CNNBase_Outputs_Zoom.png>] [17 <./REDs_ResNet_Outputs.png> <./REDs
_ResNet_Outputs_Zoom.png>] [18 <./Loss_accuracy_comparison_REDs.png>]
<motion_kernel.png, id=269, 409.53pt x 263.48438pt>
File: motion_kernel.png Graphic file (type png)
<use motion_kernel.png>
Package pdftex.def Info: motion_kernel.png  used on input line 307.
(pdftex.def)             Requested size: 204.7645pt x 131.74185pt.
 [19 <./motion_kernel.png>]
[20]
<KernelMotion_loss.png, id=289, 462.528pt x 346.896pt>
File: KernelMotion_loss.png Graphic file (type png)
<use KernelMotion_loss.png>
Package pdftex.def Info: KernelMotion_loss.png  used on input line 351.
(pdftex.def)             Requested size: 208.13567pt x 156.10175pt.
 [21 <./KernelMotion_loss.png>]
<style_outputs.png, id=300, 4092.28876pt x 2544.50626pt>
File: style_outputs.png Graphic file (type png)
<use style_outputs.png>
Package pdftex.def Info: style_outputs.png  used on input line 372.
(pdftex.def)             Requested size: 409.25285pt x 254.46553pt.

Overfull \hbox (19.25285pt too wide) in paragraph at lines 372--373
 [][] 
 []

[22]
<style_transfer.png, id=308, 692.5875pt x 156.585pt>
File: style_transfer.png Graphic file (type png)
<use style_transfer.png>
Package pdftex.def Info: style_transfer.png  used on input line 381.
(pdftex.def)             Requested size: 346.2929pt x 78.2923pt.
 [23 <./style_outputs.png> <./style_transfer.png>] [24]
Underfull \hbox (badness 5147) in paragraph at lines 407--408
[]\T1/cmr/m/n/12 Nimisha, T and Ku-mar Singh, Akash and Ra-jagopalan, A.
 []


Underfull \hbox (badness 1478) in paragraph at lines 409--410
\T1/cmr/m/n/12 (2016). Loss Func-tions for Im-age Restora-tion With Neu-ral Net
-
 []


Underfull \hbox (badness 2707) in paragraph at lines 409--410
\T1/cmr/m/n/12 works. IEEE Trans-ac-tions on Com-pu-ta-tional Imag-ing. PP. 1-1
.
 []

LaTeX Font Info:    Try loading font information for T1+cmtt on input line 413.

(/usr/share/texlive/texmf-dist/tex/latex/base/t1cmtt.fd
File: t1cmtt.fd 2014/09/29 v2.5h Standard LaTeX font definitions
)
Underfull \hbox (badness 10000) in paragraph at lines 413--414
[][]$\T1/cmtt/m/n/12 https : / / www . tensorflow . org / tutorials / generativ
e / style _
 []

Package atveryend Info: Empty hook `BeforeClearDocument' on input line 417.
[25]
Package atveryend Info: Empty hook `AfterLastShipout' on input line 417.
 (./BonziZanellati_Report.aux)
Package atveryend Info: Executing hook `AtVeryEndDocument' on input line 417.
Package atveryend Info: Executing hook `AtEndAfterFileList' on input line 417.
Package rerunfilecheck Info: File `BonziZanellati_Report.out' has not changed.
(rerunfilecheck)             Checksum: 2D112A8352D78D89AED33C021F39DD48;972.


LaTeX Warning: There were multiply-defined labels.

Package atveryend Info: Empty hook `AtVeryVeryEnd' on input line 417.
 ) 
Here is how much of TeX's memory you used:
 7657 strings out of 494510
 114199 string characters out of 6176236
 211334 words of memory out of 5000000
 11148 multiletter control sequences out of 15000+600000
 20241 words of font info for 48 fonts, out of 8000000 for 9000
 36 hyphenation exceptions out of 8191
 36i,8n,39p,1419b,416s stack positions out of 5000i,500n,10000p,200000b,80000s
 </home/andrea/.texlive2019/texmf-var/fonts/pk/ljfour/jknappen/ec/ectt1200.60
0pk> </home/andrea/.texlive2019/texmf-var/fonts/pk/ljfour/jknappen/ec/ecrm1000.
600pk> </home/andrea/.texlive2019/texmf-var/fonts/pk/ljfour/jknappen/ec/ecrm070
0.600pk> </home/andrea/.texlive2019/texmf-var/fonts/pk/ljfour/jknappen/ec/ecrm0
800.600pk> </home/andrea/.texlive2019/texmf-var/fonts/pk/ljfour/jknappen/ec/ecb
x1440.600pk> </home/andrea/.texlive2019/texmf-var/fonts/pk/ljfour/jknappen/ec/e
crm1095.600pk> </home/andrea/.texlive2019/texmf-var/fonts/pk/ljfour/jknappen/ec
/ecti1200.600pk> </home/andrea/.texlive2019/texmf-var/fonts/pk/ljfour/jknappen/
ec/ecbx1200.600pk> </home/andrea/.texlive2019/texmf-var/fonts/pk/ljfour/jknappe
n/ec/ecbx1728.600pk> </home/andrea/.texlive2019/texmf-var/fonts/pk/ljfour/jknap
pen/ec/ecrm1200.600pk> </home/andrea/.texlive2019/texmf-var/fonts/pk/ljfour/jkn
appen/ec/ecrm1440.600pk> </home/andrea/.texlive2019/texmf-var/fonts/pk/ljfour/j
knappen/ec/ecrm2074.600pk></usr/share/texlive/texmf-dist/fonts/type1/public/ams
fonts/cm/cmex10.pfb></usr/share/texlive/texmf-dist/fonts/type1/public/amsfonts/
cm/cmmi12.pfb></usr/share/texlive/texmf-dist/fonts/type1/public/amsfonts/cm/cmm
i6.pfb></usr/share/texlive/texmf-dist/fonts/type1/public/amsfonts/cm/cmmi8.pfb>
</usr/share/texlive/texmf-dist/fonts/type1/public/amsfonts/cm/cmr12.pfb></usr/s
hare/texlive/texmf-dist/fonts/type1/public/amsfonts/cm/cmr8.pfb></usr/share/tex
live/texmf-dist/fonts/type1/public/amsfonts/cm/cmsy10.pfb></usr/share/texlive/t
exmf-dist/fonts/type1/public/amsfonts/cm/cmsy8.pfb>
Output written on BonziZanellati_Report.pdf (25 pages, 4790906 bytes).
PDF statistics:
 809 PDF objects out of 1000 (max. 8388607)
 344 compressed objects within 4 object streams
 90 named destinations out of 1000 (max. 500000)
 201 words of extra memory for PDF output out of 10000 (max. 10000000)

